<?xml version="1.0" encoding="UTF-8"?>
<!-- Generated by org.testng.reporters.JUnitReportReporter -->
<testsuite hostname="Arno" failures="0" tests="1" name="testcases.DarazHomePageTest" time="172.736" errors="0" timestamp="2023-08-24T20:15:37 BDT" skipped="0">
  <testcase classname="testcases.DarazHomePageTest" name="clickSignUpLoginButton" time="172.736"/>
  <system-out/>
</testsuite> <!-- testcases.DarazHomePageTest -->
