<?xml version="1.0" encoding="UTF-8"?>
<!-- Generated by org.testng.reporters.JUnitReportReporter -->
<testsuite hostname="Arno" failures="0" tests="1" name="testcases.DarazHomePageTest" time="33.918" errors="0" timestamp="2023-09-20T19:39:48 BDT" skipped="0">
  <testcase classname="testcases.DarazHomePageTest" name="clickSignUpLoginButton" time="33.918"/>
  <system-out/>
</testsuite> <!-- testcases.DarazHomePageTest -->
