<?xml version="1.0" encoding="UTF-8"?>
<!-- Generated by org.testng.reporters.JUnitReportReporter -->
<testsuite hostname="Arno" failures="0" tests="1" name="testcases.DarazHomePageTest" time="25.743" errors="0" timestamp="2023-09-20T18:46:33 BDT" skipped="0">
  <testcase classname="testcases.DarazHomePageTest" name="clickSignUpLoginButton" time="25.743"/>
  <system-out/>
</testsuite> <!-- testcases.DarazHomePageTest -->
