<?xml version="1.0" encoding="UTF-8"?>
<!-- Generated by org.testng.reporters.JUnitReportReporter -->
<testsuite hostname="Arno" failures="0" tests="1" name="testcases.DarazLoginPageTest" time="8.669" errors="0" timestamp="2023-09-20T22:12:03 BDT" skipped="0">
  <testcase classname="testcases.DarazLoginPageTest" name="testLoginWithInvalidPhoneNo" time="8.669"/>
  <system-out/>
</testsuite> <!-- testcases.DarazLoginPageTest -->
