<?xml version="1.0" encoding="UTF-8"?>
<!-- Generated by org.testng.reporters.JUnitReportReporter -->
<testsuite hostname="Arno" failures="0" tests="1" name="testcases.DarazRegPageTest" time="6.331" errors="0" timestamp="2023-09-20T18:48:28 BDT" skipped="0">
  <testcase classname="testcases.DarazRegPageTest" name="click_signUp_button" time="6.331"/>
  <system-out/>
</testsuite> <!-- testcases.DarazRegPageTest -->
